17:50:41.461 [DEBUG] [org.gradle.launcher.daemon.bootstrap.DaemonMain] Assuming the daemon was started with following jvm opts: [-XX:MaxPermSize=256m, -XX:+HeapDumpOnOutOfMemoryError, -Xmx1024m, -Dfile.encoding=UTF-8, -Duser.country=JP, -Duser.language=ja, -Duser.variant]
17:50:41.589 [INFO] [org.gradle.launcher.daemon.server.Daemon] start() called on daemon - DefaultDaemonContext[uid=a320a778-43c4-409f-99c2-ef7a4b6b009d,javaHome=/Library/Java/JavaVirtualMachines/jdk1.8.0_121.jdk/Contents/Home,daemonRegistryDir=/Users/wenbod/weilai/gradle-3.2.1/daemon,pid=584,idleTimeout=10800000,daemonOpts=-XX:MaxPermSize=256m,-XX:+HeapDumpOnOutOfMemoryError,-Xmx1024m,-Dfile.encoding=UTF-8,-Duser.country=JP,-Duser.language=ja,-Duser.variant]
17:50:41.594 [DEBUG] [org.gradle.launcher.daemon.server.DaemonStateCoordinator] updating lastActivityAt to 1486803041594
17:50:41.612 [DEBUG] [org.gradle.internal.remote.internal.inet.InetAddresses] Adding IP addresses for network interface utun0
17:50:41.613 [DEBUG] [org.gradle.internal.remote.internal.inet.InetAddresses] Is this a loopback interface? false
17:50:41.613 [DEBUG] [org.gradle.internal.remote.internal.inet.InetAddresses] Is this a multicast interface? true
17:50:41.613 [DEBUG] [org.gradle.internal.remote.internal.inet.InetAddresses] Adding remote address /fe80:0:0:0:57b5:f60e:443f:be0c%utun0
17:50:41.614 [DEBUG] [org.gradle.internal.remote.internal.inet.InetAddresses] Adding remote multicast interface utun0
17:50:41.614 [DEBUG] [org.gradle.internal.remote.internal.inet.InetAddresses] Adding IP addresses for network interface awdl0
17:50:41.614 [DEBUG] [org.gradle.internal.remote.internal.inet.InetAddresses] Is this a loopback interface? false
17:50:41.615 [DEBUG] [org.gradle.internal.remote.internal.inet.InetAddresses] Is this a multicast interface? true
17:50:41.615 [DEBUG] [org.gradle.internal.remote.internal.inet.InetAddresses] Adding remote address /fe80:0:0:0:2815:3eff:fe4b:2613%awdl0
17:50:41.615 [DEBUG] [org.gradle.internal.remote.internal.inet.InetAddresses] Adding remote multicast interface awdl0
17:50:41.615 [DEBUG] [org.gradle.internal.remote.internal.inet.InetAddresses] Adding IP addresses for network interface en5
17:50:41.615 [DEBUG] [org.gradle.internal.remote.internal.inet.InetAddresses] Is this a loopback interface? false
17:50:41.616 [DEBUG] [org.gradle.internal.remote.internal.inet.InetAddresses] Is this a multicast interface? true
17:50:41.616 [DEBUG] [org.gradle.internal.remote.internal.inet.InetAddresses] Adding remote address /fe80:0:0:0:aede:48ff:fe00:1122%en5
17:50:41.616 [DEBUG] [org.gradle.internal.remote.internal.inet.InetAddresses] Adding remote multicast interface en5
17:50:41.616 [DEBUG] [org.gradle.internal.remote.internal.inet.InetAddresses] Adding IP addresses for network interface en0
17:50:41.617 [DEBUG] [org.gradle.internal.remote.internal.inet.InetAddresses] Is this a loopback interface? false
17:50:41.617 [DEBUG] [org.gradle.internal.remote.internal.inet.InetAddresses] Is this a multicast interface? true
17:50:41.617 [DEBUG] [org.gradle.internal.remote.internal.inet.InetAddresses] Adding remote address /2408:210:8d85:f600:b891:d6a0:f990:15b1
17:50:41.617 [DEBUG] [org.gradle.internal.remote.internal.inet.InetAddresses] Adding remote address /2408:210:8d85:f600:14ae:e6ee:b21f:77b5
17:50:41.617 [DEBUG] [org.gradle.internal.remote.internal.inet.InetAddresses] Adding remote address /fe80:0:0:0:844:26fb:d24e:7187%en0
17:50:41.617 [DEBUG] [org.gradle.internal.remote.internal.inet.InetAddresses] Adding remote address /192.168.1.8
17:50:41.618 [DEBUG] [org.gradle.internal.remote.internal.inet.InetAddresses] Adding remote multicast interface en0
17:50:41.618 [DEBUG] [org.gradle.internal.remote.internal.inet.InetAddresses] Adding IP addresses for network interface lo0
17:50:41.618 [DEBUG] [org.gradle.internal.remote.internal.inet.InetAddresses] Is this a loopback interface? true
17:50:41.618 [DEBUG] [org.gradle.internal.remote.internal.inet.InetAddresses] Is this a multicast interface? true
17:50:41.618 [DEBUG] [org.gradle.internal.remote.internal.inet.InetAddresses] Ignoring remote address on loopback interface /fe80:0:0:0:0:0:0:1%lo0
17:50:41.618 [DEBUG] [org.gradle.internal.remote.internal.inet.InetAddresses] Adding loopback address /0:0:0:0:0:0:0:1
17:50:41.618 [DEBUG] [org.gradle.internal.remote.internal.inet.InetAddresses] Adding loopback address /127.0.0.1
17:50:41.619 [DEBUG] [org.gradle.internal.remote.internal.inet.InetAddresses] Adding loopback multicast interface lo0
17:50:41.622 [DEBUG] [org.gradle.internal.remote.internal.inet.TcpIncomingConnector] Listening on [31d619f1-1be6-4fa6-a371-4f4e6e884f1e port:49341, addresses:[/0:0:0:0:0:0:0:1, /127.0.0.1]].
17:50:41.624 [DEBUG] [org.gradle.launcher.daemon.server.Daemon] Daemon starting at: Sat Feb 11 17:50:41 JST 2017, with address: [31d619f1-1be6-4fa6-a371-4f4e6e884f1e port:49341, addresses:[/0:0:0:0:0:0:0:1, /127.0.0.1]]
17:50:41.625 [INFO] [org.gradle.launcher.daemon.server.DaemonRegistryUpdater] Advertising the daemon address to the clients: [31d619f1-1be6-4fa6-a371-4f4e6e884f1e port:49341, addresses:[/0:0:0:0:0:0:0:1, /127.0.0.1]]
17:50:41.625 [DEBUG] [org.gradle.launcher.daemon.server.DaemonRegistryUpdater] Advertised daemon context: DefaultDaemonContext[uid=a320a778-43c4-409f-99c2-ef7a4b6b009d,javaHome=/Library/Java/JavaVirtualMachines/jdk1.8.0_121.jdk/Contents/Home,daemonRegistryDir=/Users/wenbod/weilai/gradle-3.2.1/daemon,pid=584,idleTimeout=10800000,daemonOpts=-XX:MaxPermSize=256m,-XX:+HeapDumpOnOutOfMemoryError,-Xmx1024m,-Dfile.encoding=UTF-8,-Duser.country=JP,-Duser.language=ja,-Duser.variant]
17:50:41.626 [DEBUG] [org.gradle.launcher.daemon.registry.PersistentDaemonRegistry] Storing daemon address: [31d619f1-1be6-4fa6-a371-4f4e6e884f1e port:49341, addresses:[/0:0:0:0:0:0:0:1, /127.0.0.1]], context: DefaultDaemonContext[uid=a320a778-43c4-409f-99c2-ef7a4b6b009d,javaHome=/Library/Java/JavaVirtualMachines/jdk1.8.0_121.jdk/Contents/Home,daemonRegistryDir=/Users/wenbod/weilai/gradle-3.2.1/daemon,pid=584,idleTimeout=10800000,daemonOpts=-XX:MaxPermSize=256m,-XX:+HeapDumpOnOutOfMemoryError,-Xmx1024m,-Dfile.encoding=UTF-8,-Duser.country=JP,-Duser.language=ja,-Duser.variant]
17:50:41.633 [DEBUG] [org.gradle.cache.internal.DefaultFileLockManager] Waiting to acquire exclusive lock on daemon addresses registry.
17:50:41.634 [DEBUG] [org.gradle.cache.internal.DefaultFileLockManager] Lock acquired.
17:50:41.680 [DEBUG] [org.gradle.cache.internal.DefaultFileLockManager] Releasing lock on daemon addresses registry.
17:50:41.680 [LIFECYCLE] [org.gradle.launcher.daemon.server.Daemon] Daemon server started.
17:50:41.683 [DEBUG] [org.gradle.launcher.daemon.bootstrap.DaemonStartupCommunication] Completed writing the daemon greeting. Closing streams...
17:50:41.700 [DEBUG] [org.gradle.internal.remote.internal.inet.TcpIncomingConnector] Accepted connection from /0:0:0:0:0:0:0:1:49342 to /0:0:0:0:0:0:0:1:49341.
17:50:41.780 [DEBUG] [org.gradle.launcher.daemon.server.SynchronizedDispatchConnection] thread 14: received class org.gradle.launcher.daemon.protocol.Build
17:50:41.780 [DEBUG] [org.gradle.launcher.daemon.server.DefaultDaemonConnection] thread 14: Received non-IO message from client: Build{id=9291c4c4-09be-4d23-9c3d-f6c1f84f9fce.1, currentDir=/Users/wenbod/weilai/eclipse/Eclipse.app/Contents/MacOS}
17:50:41.781 [INFO] [org.gradle.launcher.daemon.server.DefaultIncomingConnectionHandler] Received command: Build{id=9291c4c4-09be-4d23-9c3d-f6c1f84f9fce.1, currentDir=/Users/wenbod/weilai/eclipse/Eclipse.app/Contents/MacOS}.
17:50:41.781 [DEBUG] [org.gradle.launcher.daemon.server.DefaultIncomingConnectionHandler] Starting executing command: Build{id=9291c4c4-09be-4d23-9c3d-f6c1f84f9fce.1, currentDir=/Users/wenbod/weilai/eclipse/Eclipse.app/Contents/MacOS} with connection: socket connection from /0:0:0:0:0:0:0:1:49341 to /0:0:0:0:0:0:0:1:49342.
17:50:41.784 [ERROR] [org.gradle.launcher.daemon.server.DaemonStateCoordinator] Command execution: started DaemonCommandExecution[command = Build{id=9291c4c4-09be-4d23-9c3d-f6c1f84f9fce.1, currentDir=/Users/wenbod/weilai/eclipse/Eclipse.app/Contents/MacOS}, connection = org.gradle.launcher.daemon.server.DefaultDaemonConnection@1aee99df] after 0.0 minutes of idle
17:50:41.785 [INFO] [org.gradle.launcher.daemon.server.DaemonRegistryUpdater] Marking the daemon as busy, address: [31d619f1-1be6-4fa6-a371-4f4e6e884f1e port:49341, addresses:[/0:0:0:0:0:0:0:1, /127.0.0.1]]
17:50:41.785 [DEBUG] [org.gradle.launcher.daemon.registry.PersistentDaemonRegistry] Marking busy by address: [31d619f1-1be6-4fa6-a371-4f4e6e884f1e port:49341, addresses:[/0:0:0:0:0:0:0:1, /127.0.0.1]]
17:50:41.785 [DEBUG] [org.gradle.cache.internal.DefaultFileLockManager] Waiting to acquire exclusive lock on daemon addresses registry.
17:50:41.785 [DEBUG] [org.gradle.cache.internal.DefaultFileLockManager] Lock acquired.
17:50:41.787 [DEBUG] [org.gradle.cache.internal.DefaultFileLockManager] Releasing lock on daemon addresses registry.
17:50:41.787 [DEBUG] [org.gradle.launcher.daemon.server.DaemonStateCoordinator] updating lastActivityAt to 1486803041787
17:50:41.788 [INFO] [org.gradle.launcher.daemon.server.exec.StartBuildOrRespondWithBusy] Daemon is about to start building Build{id=9291c4c4-09be-4d23-9c3d-f6c1f84f9fce.1, currentDir=/Users/wenbod/weilai/eclipse/Eclipse.app/Contents/MacOS}. Dispatching build started information...
17:50:41.788 [DEBUG] [org.gradle.launcher.daemon.server.SynchronizedDispatchConnection] thread 16: dispatching class org.gradle.launcher.daemon.protocol.BuildStarted
17:50:41.792 [DEBUG] [org.gradle.launcher.daemon.server.exec.EstablishBuildEnvironment] Configuring env variables: {PATH=/usr/bin:/bin:/usr/sbin:/sbin, SHELL=/bin/bash, SECURITYSESSIONID=186a7, USER=wenbod, APP_ICON_285=../Resources/Eclipse.icns, COMMAND_MODE=unix2003, TMPDIR=/var/folders/_h/ymm9s51j455_v_txn8x1ptlc0000gn/T/, SSH_AUTH_SOCK=/private/tmp/com.apple.launchd.ZtVr6t2bvj/Listeners, XPC_FLAGS=0x0, __CF_USER_TEXT_ENCODING=0x1F5:0x1:0xE, Apple_PubSub_Socket_Render=/private/tmp/com.apple.launchd.z2wzEnUaoc/Render, JAVA_STARTED_ON_FIRST_THREAD_285=1, LOGNAME=wenbod, XPC_SERVICE_NAME=com.apple.xpc.launchd.oneshot.0x10000002.eclipse, HOME=/Users/wenbod}
17:50:41.798 [DEBUG] [org.gradle.launcher.daemon.server.exec.LogToClient] About to start relaying all logs to the client via the connection.
17:50:41.798 [INFO] [org.gradle.launcher.daemon.server.exec.LogToClient] The client will now receive all logging from the daemon (pid: 584). The daemon log file: /Users/wenbod/weilai/gradle-3.2.1/daemon/3.2.1/daemon-584.out.log
17:50:41.800 [INFO] [org.gradle.launcher.daemon.server.exec.LogAndCheckHealth] Starting build in new daemon [memory: 954.7 MB]
17:50:41.805 [DEBUG] [org.gradle.launcher.daemon.server.exec.ExecuteBuild] The daemon has started executing the build.
17:50:41.805 [INFO] [org.gradle.launcher.daemon.server.exec.ExecuteBuild] Executing build with daemon context: DefaultDaemonContext[uid=a320a778-43c4-409f-99c2-ef7a4b6b009d,javaHome=/Library/Java/JavaVirtualMachines/jdk1.8.0_121.jdk/Contents/Home,daemonRegistryDir=/Users/wenbod/weilai/gradle-3.2.1/daemon,pid=584,idleTimeout=10800000,daemonOpts=-XX:MaxPermSize=256m,-XX:+HeapDumpOnOutOfMemoryError,-Xmx1024m,-Dfile.encoding=UTF-8,-Duser.country=JP,-Duser.language=ja,-Duser.variant]
17:50:41.825 [INFO] [org.gradle.process.internal.DefaultExecHandle] Starting process 'command '/usr/bin/vm_stat''. Working directory: /Users/wenbod/weilai/gradle-3.2.1/daemon/3.2.1 Command: /usr/bin/vm_stat 
17:50:41.826 [DEBUG] [org.gradle.process.internal.DefaultExecHandle] Environment for process 'command '/usr/bin/vm_stat'': {PATH=/usr/bin:/bin:/usr/sbin:/sbin, SHELL=/bin/bash, SECURITYSESSIONID=186a7, USER=wenbod, TMPDIR=/var/folders/_h/ymm9s51j455_v_txn8x1ptlc0000gn/T/, COMMAND_MODE=unix2003, APP_ICON_285=../Resources/Eclipse.icns, SSH_AUTH_SOCK=/private/tmp/com.apple.launchd.ZtVr6t2bvj/Listeners, XPC_FLAGS=0x0, __CF_USER_TEXT_ENCODING=0x1F5:0x1:0xE, Apple_PubSub_Socket_Render=/private/tmp/com.apple.launchd.z2wzEnUaoc/Render, LOGNAME=wenbod, JAVA_STARTED_ON_FIRST_THREAD_285=1, JAVA_MAIN_CLASS_584=org.gradle.launcher.daemon.bootstrap.GradleDaemon, XPC_SERVICE_NAME=com.apple.xpc.launchd.oneshot.0x10000002.eclipse, HOME=/Users/wenbod}
17:50:41.826 [DEBUG] [org.gradle.process.internal.DefaultExecHandle] Changing state to: STARTING
17:50:41.827 [DEBUG] [org.gradle.process.internal.DefaultExecHandle] Waiting until process started: command '/usr/bin/vm_stat'.
17:50:41.841 [DEBUG] [org.gradle.process.internal.DefaultExecHandle] Changing state to: STARTED
17:50:41.842 [DEBUG] [org.gradle.process.internal.ExecHandleRunner] waiting until streams are handled...
17:50:41.842 [INFO] [org.gradle.process.internal.DefaultExecHandle] Successfully started process 'command '/usr/bin/vm_stat''
17:50:41.843 [DEBUG] [org.gradle.process.internal.DefaultExecHandle] Changing state to: SUCCEEDED
17:50:41.843 [DEBUG] [org.gradle.process.internal.DefaultExecHandle] Process 'command '/usr/bin/vm_stat'' finished with exit value 0 (state: SUCCEEDED)
17:50:41.845 [DEBUG] [org.gradle.launcher.daemon.server.Daemon] stopOnExpiration() called on daemon
17:50:41.847 [DEBUG] [org.gradle.launcher.daemon.server.Daemon] awaitExpiration() called on daemon
17:50:41.847 [DEBUG] [org.gradle.launcher.daemon.server.DaemonStateCoordinator] daemon is running. Sleeping until state changes.

CONFIGURE SUCCESSFUL

Total time: 3.779 secs
Could not resolve: org.springframework:spring-tx:4.1.7.RE	LEASE
17:50:46.785 [DEBUG] [org.gradle.cache.internal.DefaultCacheAccess] Cache task history cache (/Users/wenbod/weilai/workspace/weilai-commons/.gradle/3.2.1/taskArtifacts) was closed 0 times.
17:50:46.786 [DEBUG] [org.gradle.api.internal.artifacts.ivyservice.resolveengine.store.CachedStoreFactory] Resolution result cache closed. Cache reads: 0, disk reads: 0 (avg: 0.0 secs, total: 0.0 secs)
17:50:46.787 [DEBUG] [org.gradle.api.internal.artifacts.ivyservice.resolveengine.store.CachedStoreFactory] Resolution result cache closed. Cache reads: 9, disk reads: 3 (avg: 0.003 secs, total: 0.011 secs)
17:50:46.788 [DEBUG] [org.gradle.api.internal.artifacts.ivyservice.resolveengine.store.ResolutionResultsStoreFactory] Deleted 2 resolution results binary files in 0.002 secs
17:50:46.788 [DEBUG] [org.gradle.cache.internal.DefaultCacheAccess] Cache Plugin Resolution Cache (/Users/wenbod/weilai/gradle-3.2.1/caches/3.2.1/plugin-resolution) was closed 0 times.
17:50:46.788 [DEBUG] [org.gradle.api.internal.tasks.compile.daemon.CompilerDaemonManager] Stopping 0 compiler daemon(s).
17:50:46.788 [INFO] [org.gradle.api.internal.tasks.compile.daemon.CompilerDaemonManager] Stopped 0 compiler daemon(s).
17:50:46.789 [DEBUG] [org.gradle.cache.internal.DefaultCacheAccess] Cache Generated Gradle JARs cache (/Users/wenbod/weilai/gradle-3.2.1/caches/3.2.1/generated-gradle-jars) was closed 0 times.
17:50:46.789 [DEBUG] [org.gradle.cache.internal.LockOnDemandCrossProcessCacheAccess] Releasing file lock for artifact cache (/Users/wenbod/weilai/gradle-3.2.1/caches/modules-2)
17:50:46.789 [DEBUG] [org.gradle.cache.internal.btree.BTreePersistentIndexedCache] Closing cache module-metadata.bin (/Users/wenbod/weilai/gradle-3.2.1/caches/modules-2/metadata-2.23/module-metadata.bin)
17:50:46.790 [DEBUG] [org.gradle.cache.internal.btree.BTreePersistentIndexedCache] Closing cache artifact-at-url.bin (/Users/wenbod/weilai/gradle-3.2.1/caches/modules-2/metadata-2.23/artifact-at-url.bin)
17:50:46.790 [DEBUG] [org.gradle.cache.internal.btree.BTreePersistentIndexedCache] Closing cache artifact-at-repository.bin (/Users/wenbod/weilai/gradle-3.2.1/caches/modules-2/metadata-2.23/artifact-at-repository.bin)
17:50:46.790 [DEBUG] [org.gradle.cache.internal.btree.BTreePersistentIndexedCache] Closing cache module-artifacts.bin (/Users/wenbod/weilai/gradle-3.2.1/caches/modules-2/metadata-2.23/module-artifacts.bin)
17:50:46.790 [DEBUG] [org.gradle.cache.internal.DefaultFileLockManager] Releasing lock on artifact cache (/Users/wenbod/weilai/gradle-3.2.1/caches/modules-2).
17:50:46.791 [DEBUG] [org.gradle.launcher.daemon.server.exec.ExecuteBuild] The daemon has finished executing the build.
17:50:46.796 [DEBUG] [org.gradle.launcher.daemon.server.DaemonStateCoordinator] Command execution: finished waiting for DaemonCommandExecution[command = Build{id=9291c4c4-09be-4d23-9c3d-f6c1f84f9fce.1, currentDir=/Users/wenbod/weilai/eclipse/Eclipse.app/Contents/MacOS}, connection = org.gradle.launcher.daemon.server.DefaultDaemonConnection@1aee99df]. Result org.gradle.launcher.daemon.server.DaemonStateCoordinator@667b8f6 with state Busy
17:50:46.796 [DEBUG] [org.gradle.launcher.daemon.server.DaemonStateCoordinator] Command execution: completed DaemonCommandExecution[command = Build{id=9291c4c4-09be-4d23-9c3d-f6c1f84f9fce.1, currentDir=/Users/wenbod/weilai/eclipse/Eclipse.app/Contents/MacOS}, connection = org.gradle.launcher.daemon.server.DefaultDaemonConnection@1aee99df]
17:50:46.797 [DEBUG] [org.gradle.launcher.daemon.server.DaemonStateCoordinator] updating lastActivityAt to 1486803046797
17:50:46.797 [INFO] [org.gradle.launcher.daemon.server.DaemonRegistryUpdater] Marking the daemon as idle, address: [31d619f1-1be6-4fa6-a371-4f4e6e884f1e port:49341, addresses:[/0:0:0:0:0:0:0:1, /127.0.0.1]]
17:50:46.797 [DEBUG] [org.gradle.launcher.daemon.registry.PersistentDaemonRegistry] Marking busy by address: [31d619f1-1be6-4fa6-a371-4f4e6e884f1e port:49341, addresses:[/0:0:0:0:0:0:0:1, /127.0.0.1]]
17:50:46.797 [DEBUG] [org.gradle.cache.internal.DefaultFileLockManager] Waiting to acquire exclusive lock on daemon addresses registry.
17:50:46.797 [DEBUG] [org.gradle.cache.internal.DefaultFileLockManager] Lock acquired.
17:50:46.798 [DEBUG] [org.gradle.cache.internal.DefaultFileLockManager] Releasing lock on daemon addresses registry.
17:50:46.798 [DEBUG] [org.gradle.launcher.daemon.server.DaemonStateCoordinator] daemon is running. Sleeping until state changes.
17:50:46.798 [DEBUG] [org.gradle.launcher.daemon.server.exec.ReturnResult] Daemon is dispatching the build result: Success[value=org.gradle.tooling.internal.provider.BuildActionResult@66f2d1dd]
17:50:46.798 [DEBUG] [org.gradle.launcher.daemon.server.SynchronizedDispatchConnection] thread 13: dispatching class org.gradle.launcher.daemon.protocol.Success
17:50:46.814 [DEBUG] [org.gradle.launcher.daemon.server.DefaultIncomingConnectionHandler] Finishing executing command: Build{id=9291c4c4-09be-4d23-9c3d-f6c1f84f9fce.1, currentDir=/Users/wenbod/weilai/eclipse/Eclipse.app/Contents/MacOS}
17:50:46.841 [DEBUG] [org.gradle.launcher.daemon.server.SynchronizedDispatchConnection] thread 14: received class org.gradle.launcher.daemon.protocol.CloseInput
17:50:46.841 [DEBUG] [org.gradle.launcher.daemon.server.DefaultDaemonConnection] thread 14: Received IO message from client: org.gradle.launcher.daemon.protocol.CloseInput@1053795
17:50:46.844 [DEBUG] [org.gradle.launcher.daemon.server.SynchronizedDispatchConnection] thread 14: received class org.gradle.launcher.daemon.protocol.Finished
17:50:46.844 [DEBUG] [org.gradle.launcher.daemon.server.DefaultDaemonConnection] thread 14: Received non-IO message from client: org.gradle.launcher.daemon.protocol.Finished@741fc0de
17:50:46.844 [DEBUG] [org.gradle.launcher.daemon.server.DefaultIncomingConnectionHandler] Received finished message: org.gradle.launcher.daemon.protocol.Finished@741fc0de
17:50:46.844 [DEBUG] [org.gradle.launcher.daemon.server.SynchronizedDispatchConnection] thread 13: stopping connection
17:50:46.846 [DEBUG] [org.gradle.internal.remote.internal.inet.SocketConnection] Discarding EOFException: java.io.EOFException
17:50:46.846 [DEBUG] [org.gradle.launcher.daemon.server.SynchronizedDispatchConnection] thread 14: received null
17:50:46.846 [DEBUG] [org.gradle.launcher.daemon.server.DefaultDaemonConnection] thread 14: Received end-of-input from client.
17:50:46.847 [DEBUG] [org.gradle.launcher.daemon.server.SynchronizedDispatchConnection] thread 13: stopping connection
17:50:51.850 [DEBUG] [org.gradle.launcher.daemon.server.Daemon] DaemonExpirationPeriodicCheck running
17:50:51.852 [DEBUG] [org.gradle.cache.internal.DefaultFileLockManager] Waiting to acquire shared lock on daemon addresses registry.
17:50:51.852 [DEBUG] [org.gradle.cache.internal.DefaultFileLockManager] Lock acquired.
17:50:51.853 [DEBUG] [org.gradle.cache.internal.DefaultFileLockManager] Releasing lock on daemon addresses registry.
17:50:51.854 [DEBUG] [org.gradle.cache.internal.DefaultFileLockManager] Waiting to acquire shared lock on daemon addresses registry.
17:50:51.854 [DEBUG] [org.gradle.cache.internal.DefaultFileLockManager] Lock acquired.
17:50:51.854 [DEBUG] [org.gradle.cache.internal.DefaultFileLockManager] Releasing lock on daemon addresses registry.
17:50:55.184 [DEBUG] [org.gradle.internal.remote.internal.inet.TcpIncomingConnector] Accepted connection from /0:0:0:0:0:0:0:1:49346 to /0:0:0:0:0:0:0:1:49341.
17:50:55.194 [DEBUG] [org.gradle.launcher.daemon.server.SynchronizedDispatchConnection] thread 26: received class org.gradle.launcher.daemon.protocol.Build
17:50:55.195 [DEBUG] [org.gradle.launcher.daemon.server.DefaultDaemonConnection] thread 26: Received non-IO message from client: Build{id=8fea3662-7955-417c-9665-301ca751ae5a.1, currentDir=/Users/wenbod/weilai/eclipse/Eclipse.app/Contents/MacOS}
17:50:55.197 [INFO] [org.gradle.launcher.daemon.server.DefaultIncomingConnectionHandler] Received command: Build{id=8fea3662-7955-417c-9665-301ca751ae5a.1, currentDir=/Users/wenbod/weilai/eclipse/Eclipse.app/Contents/MacOS}.
17:50:55.197 [DEBUG] [org.gradle.launcher.daemon.server.DefaultIncomingConnectionHandler] Starting executing command: Build{id=8fea3662-7955-417c-9665-301ca751ae5a.1, currentDir=/Users/wenbod/weilai/eclipse/Eclipse.app/Contents/MacOS} with connection: socket connection from /0:0:0:0:0:0:0:1:49341 to /0:0:0:0:0:0:0:1:49346.
17:50:55.198 [ERROR] [org.gradle.launcher.daemon.server.DaemonStateCoordinator] Command execution: started DaemonCommandExecution[command = Build{id=8fea3662-7955-417c-9665-301ca751ae5a.1, currentDir=/Users/wenbod/weilai/eclipse/Eclipse.app/Contents/MacOS}, connection = org.gradle.launcher.daemon.server.DefaultDaemonConnection@473f5f31] after 0.0 minutes of idle
17:50:55.198 [INFO] [org.gradle.launcher.daemon.server.DaemonRegistryUpdater] Marking the daemon as busy, address: [31d619f1-1be6-4fa6-a371-4f4e6e884f1e port:49341, addresses:[/0:0:0:0:0:0:0:1, /127.0.0.1]]
17:50:55.198 [DEBUG] [org.gradle.launcher.daemon.registry.PersistentDaemonRegistry] Marking busy by address: [31d619f1-1be6-4fa6-a371-4f4e6e884f1e port:49341, addresses:[/0:0:0:0:0:0:0:1, /127.0.0.1]]
17:50:55.199 [DEBUG] [org.gradle.cache.internal.DefaultFileLockManager] Waiting to acquire exclusive lock on daemon addresses registry.
17:50:55.199 [DEBUG] [org.gradle.cache.internal.DefaultFileLockManager] Lock acquired.
17:50:55.200 [DEBUG] [org.gradle.cache.internal.DefaultFileLockManager] Releasing lock on daemon addresses registry.
17:50:55.200 [DEBUG] [org.gradle.launcher.daemon.server.DaemonStateCoordinator] updating lastActivityAt to 1486803055200
17:50:55.200 [DEBUG] [org.gradle.launcher.daemon.server.DaemonStateCoordinator] daemon is running. Sleeping until state changes.
17:50:55.200 [INFO] [org.gradle.launcher.daemon.server.exec.StartBuildOrRespondWithBusy] Daemon is about to start building Build{id=8fea3662-7955-417c-9665-301ca751ae5a.1, currentDir=/Users/wenbod/weilai/eclipse/Eclipse.app/Contents/MacOS}. Dispatching build started information...
17:50:55.200 [DEBUG] [org.gradle.launcher.daemon.server.SynchronizedDispatchConnection] thread 16: dispatching class org.gradle.launcher.daemon.protocol.BuildStarted
17:50:55.201 [DEBUG] [org.gradle.launcher.daemon.server.exec.EstablishBuildEnvironment] Configuring env variables: {PATH=/usr/bin:/bin:/usr/sbin:/sbin, SHELL=/bin/bash, SECURITYSESSIONID=186a7, USER=wenbod, APP_ICON_285=../Resources/Eclipse.icns, COMMAND_MODE=unix2003, TMPDIR=/var/folders/_h/ymm9s51j455_v_txn8x1ptlc0000gn/T/, SSH_AUTH_SOCK=/private/tmp/com.apple.launchd.ZtVr6t2bvj/Listeners, XPC_FLAGS=0x0, __CF_USER_TEXT_ENCODING=0x1F5:0x1:0xE, Apple_PubSub_Socket_Render=/private/tmp/com.apple.launchd.z2wzEnUaoc/Render, JAVA_STARTED_ON_FIRST_THREAD_285=1, LOGNAME=wenbod, XPC_SERVICE_NAME=com.apple.xpc.launchd.oneshot.0x10000002.eclipse, HOME=/Users/wenbod}
17:50:55.202 [DEBUG] [org.gradle.launcher.daemon.server.exec.LogToClient] About to start relaying all logs to the client via the connection.
17:50:55.202 [INFO] [org.gradle.launcher.daemon.server.exec.LogToClient] The client will now receive all logging from the daemon (pid: 584). The daemon log file: /Users/wenbod/weilai/gradle-3.2.1/daemon/3.2.1/daemon-584.out.log
17:50:55.204 [INFO] [org.gradle.launcher.daemon.server.exec.LogAndCheckHealth] Starting 2nd build in daemon [uptime: 13.998 secs, performance: 96%, GC rate: 0.33/s, tenured heap usage: 2% of 716.2 MB]
17:50:55.204 [DEBUG] [org.gradle.launcher.daemon.server.exec.ExecuteBuild] The daemon has started executing the build.
17:50:55.204 [INFO] [org.gradle.launcher.daemon.server.exec.ExecuteBuild] Executing build with daemon context: DefaultDaemonContext[uid=a320a778-43c4-409f-99c2-ef7a4b6b009d,javaHome=/Library/Java/JavaVirtualMachines/jdk1.8.0_121.jdk/Contents/Home,daemonRegistryDir=/Users/wenbod/weilai/gradle-3.2.1/daemon,pid=584,idleTimeout=10800000,daemonOpts=-XX:MaxPermSize=256m,-XX:+HeapDumpOnOutOfMemoryError,-Xmx1024m,-Dfile.encoding=UTF-8,-Duser.country=JP,-Duser.language=ja,-Duser.variant]

CONFIGURE SUCCESSFUL

Total time: 0.122 secs
Could not resolve: org.springframework:spring-tx:4.1.7.RE	LEASE
17:50:55.883 [DEBUG] [org.gradle.cache.internal.DefaultCacheAccess] Cache task history cache (/Users/wenbod/weilai/workspace/weilai-commons/.gradle/3.2.1/taskArtifacts) was closed 0 times.
17:50:55.886 [DEBUG] [org.gradle.api.internal.artifacts.ivyservice.resolveengine.store.CachedStoreFactory] Resolution result cache closed. Cache reads: 0, disk reads: 0 (avg: 0.0 secs, total: 0.0 secs)
17:50:55.887 [DEBUG] [org.gradle.api.internal.artifacts.ivyservice.resolveengine.store.CachedStoreFactory] Resolution result cache closed. Cache reads: 9, disk reads: 3 (avg: 0.001 secs, total: 0.003 secs)
17:50:55.887 [DEBUG] [org.gradle.api.internal.artifacts.ivyservice.resolveengine.store.ResolutionResultsStoreFactory] Deleted 2 resolution results binary files in 0.003 secs
17:50:55.887 [DEBUG] [org.gradle.cache.internal.DefaultCacheAccess] Cache Plugin Resolution Cache (/Users/wenbod/weilai/gradle-3.2.1/caches/3.2.1/plugin-resolution) was closed 0 times.
17:50:55.888 [DEBUG] [org.gradle.api.internal.tasks.compile.daemon.CompilerDaemonManager] Stopping 0 compiler daemon(s).
17:50:55.888 [INFO] [org.gradle.api.internal.tasks.compile.daemon.CompilerDaemonManager] Stopped 0 compiler daemon(s).
17:50:55.888 [DEBUG] [org.gradle.cache.internal.DefaultCacheAccess] Cache Generated Gradle JARs cache (/Users/wenbod/weilai/gradle-3.2.1/caches/3.2.1/generated-gradle-jars) was closed 0 times.
17:50:55.888 [DEBUG] [org.gradle.cache.internal.LockOnDemandCrossProcessCacheAccess] Releasing file lock for artifact cache (/Users/wenbod/weilai/gradle-3.2.1/caches/modules-2)
17:50:55.888 [DEBUG] [org.gradle.cache.internal.btree.BTreePersistentIndexedCache] Closing cache module-metadata.bin (/Users/wenbod/weilai/gradle-3.2.1/caches/modules-2/metadata-2.23/module-metadata.bin)
17:50:55.895 [DEBUG] [org.gradle.cache.internal.btree.BTreePersistentIndexedCache] Closing cache artifact-at-repository.bin (/Users/wenbod/weilai/gradle-3.2.1/caches/modules-2/metadata-2.23/artifact-at-repository.bin)
17:50:55.895 [DEBUG] [org.gradle.cache.internal.btree.BTreePersistentIndexedCache] Closing cache module-artifacts.bin (/Users/wenbod/weilai/gradle-3.2.1/caches/modules-2/metadata-2.23/module-artifacts.bin)
17:50:55.896 [DEBUG] [org.gradle.cache.internal.btree.BTreePersistentIndexedCache] Closing cache artifact-at-url.bin (/Users/wenbod/weilai/gradle-3.2.1/caches/modules-2/metadata-2.23/artifact-at-url.bin)
17:50:55.897 [DEBUG] [org.gradle.cache.internal.DefaultFileLockManager] Releasing lock on artifact cache (/Users/wenbod/weilai/gradle-3.2.1/caches/modules-2).
17:50:55.897 [DEBUG] [org.gradle.launcher.daemon.server.exec.ExecuteBuild] The daemon has finished executing the build.
17:50:55.908 [DEBUG] [org.gradle.launcher.daemon.server.DaemonStateCoordinator] Command execution: finished waiting for DaemonCommandExecution[command = Build{id=8fea3662-7955-417c-9665-301ca751ae5a.1, currentDir=/Users/wenbod/weilai/eclipse/Eclipse.app/Contents/MacOS}, connection = org.gradle.launcher.daemon.server.DefaultDaemonConnection@473f5f31]. Result org.gradle.launcher.daemon.server.DaemonStateCoordinator@667b8f6 with state Busy
17:50:55.908 [DEBUG] [org.gradle.launcher.daemon.server.DaemonStateCoordinator] Command execution: completed DaemonCommandExecution[command = Build{id=8fea3662-7955-417c-9665-301ca751ae5a.1, currentDir=/Users/wenbod/weilai/eclipse/Eclipse.app/Contents/MacOS}, connection = org.gradle.launcher.daemon.server.DefaultDaemonConnection@473f5f31]
17:50:55.908 [DEBUG] [org.gradle.launcher.daemon.server.DaemonStateCoordinator] updating lastActivityAt to 1486803055908
17:50:55.908 [INFO] [org.gradle.launcher.daemon.server.DaemonRegistryUpdater] Marking the daemon as idle, address: [31d619f1-1be6-4fa6-a371-4f4e6e884f1e port:49341, addresses:[/0:0:0:0:0:0:0:1, /127.0.0.1]]
17:50:55.909 [DEBUG] [org.gradle.launcher.daemon.registry.PersistentDaemonRegistry] Marking busy by address: [31d619f1-1be6-4fa6-a371-4f4e6e884f1e port:49341, addresses:[/0:0:0:0:0:0:0:1, /127.0.0.1]]
17:50:55.909 [DEBUG] [org.gradle.cache.internal.DefaultFileLockManager] Waiting to acquire exclusive lock on daemon addresses registry.
17:50:55.909 [DEBUG] [org.gradle.cache.internal.DefaultFileLockManager] Lock acquired.
17:50:55.910 [DEBUG] [org.gradle.cache.internal.DefaultFileLockManager] Releasing lock on daemon addresses registry.
17:50:55.910 [DEBUG] [org.gradle.launcher.daemon.server.DaemonStateCoordinator] daemon is running. Sleeping until state changes.
17:50:55.910 [DEBUG] [org.gradle.launcher.daemon.server.exec.ReturnResult] Daemon is dispatching the build result: Success[value=org.gradle.tooling.internal.provider.BuildActionResult@5e2d5c9]
17:50:55.910 [DEBUG] [org.gradle.launcher.daemon.server.SynchronizedDispatchConnection] thread 13: dispatching class org.gradle.launcher.daemon.protocol.Success
17:50:55.912 [DEBUG] [org.gradle.launcher.daemon.server.DefaultIncomingConnectionHandler] Finishing executing command: Build{id=8fea3662-7955-417c-9665-301ca751ae5a.1, currentDir=/Users/wenbod/weilai/eclipse/Eclipse.app/Contents/MacOS}
17:50:55.919 [DEBUG] [org.gradle.launcher.daemon.server.SynchronizedDispatchConnection] thread 26: received class org.gradle.launcher.daemon.protocol.CloseInput
17:50:55.919 [DEBUG] [org.gradle.launcher.daemon.server.DefaultDaemonConnection] thread 26: Received IO message from client: org.gradle.launcher.daemon.protocol.CloseInput@420879ad
17:50:55.920 [DEBUG] [org.gradle.launcher.daemon.server.SynchronizedDispatchConnection] thread 26: received class org.gradle.launcher.daemon.protocol.Finished
17:50:55.920 [DEBUG] [org.gradle.launcher.daemon.server.DefaultDaemonConnection] thread 26: Received non-IO message from client: org.gradle.launcher.daemon.protocol.Finished@4ccf8f9c
17:50:55.920 [DEBUG] [org.gradle.launcher.daemon.server.DefaultIncomingConnectionHandler] Received finished message: org.gradle.launcher.daemon.protocol.Finished@4ccf8f9c
17:50:55.920 [DEBUG] [org.gradle.internal.remote.internal.inet.SocketConnection] Discarding EOFException: java.io.EOFException
17:50:55.920 [DEBUG] [org.gradle.launcher.daemon.server.SynchronizedDispatchConnection] thread 13: stopping connection
17:50:55.920 [DEBUG] [org.gradle.launcher.daemon.server.SynchronizedDispatchConnection] thread 26: received null
17:50:55.921 [DEBUG] [org.gradle.launcher.daemon.server.DefaultDaemonConnection] thread 26: Received end-of-input from client.
17:50:55.921 [DEBUG] [org.gradle.launcher.daemon.server.SynchronizedDispatchConnection] thread 13: stopping connection
17:51:01.849 [DEBUG] [org.gradle.launcher.daemon.server.Daemon] DaemonExpirationPeriodicCheck running
17:51:01.850 [DEBUG] [org.gradle.cache.internal.DefaultFileLockManager] Waiting to acquire shared lock on daemon addresses registry.
17:51:01.850 [DEBUG] [org.gradle.cache.internal.DefaultFileLockManager] Lock acquired.
17:51:01.850 [DEBUG] [org.gradle.cache.internal.DefaultFileLockManager] Releasing lock on daemon addresses registry.
17:51:01.851 [DEBUG] [org.gradle.cache.internal.DefaultFileLockManager] Waiting to acquire shared lock on daemon addresses registry.
17:51:01.852 [DEBUG] [org.gradle.cache.internal.DefaultFileLockManager] Lock acquired.
17:51:01.853 [DEBUG] [org.gradle.cache.internal.DefaultFileLockManager] Releasing lock on daemon addresses registry.
17:51:11.851 [DEBUG] [org.gradle.launcher.daemon.server.Daemon] DaemonExpirationPeriodicCheck running
17:51:11.852 [DEBUG] [org.gradle.cache.internal.DefaultFileLockManager] Waiting to acquire shared lock on daemon addresses registry.
17:51:11.852 [DEBUG] [org.gradle.cache.internal.DefaultFileLockManager] Lock acquired.
17:51:11.853 [DEBUG] [org.gradle.cache.internal.DefaultFileLockManager] Releasing lock on daemon addresses registry.
17:51:11.853 [INFO] [org.gradle.launcher.daemon.server.DaemonIdleTimeoutExpirationStrategy] Idle timeout: daemon has been idle for 15945 milliseconds. Expiring.
17:51:11.853 [DEBUG] [org.gradle.cache.internal.DefaultFileLockManager] Waiting to acquire shared lock on daemon addresses registry.
17:51:11.854 [DEBUG] [org.gradle.cache.internal.DefaultFileLockManager] Lock acquired.
17:51:11.854 [DEBUG] [org.gradle.cache.internal.DefaultFileLockManager] Releasing lock on daemon addresses registry.
17:51:11.854 [DEBUG] [org.gradle.cache.internal.DefaultFileLockManager] Waiting to acquire shared lock on daemon addresses registry.
17:51:11.855 [DEBUG] [org.gradle.cache.internal.DefaultFileLockManager] Lock acquired.
17:51:11.855 [DEBUG] [org.gradle.cache.internal.DefaultFileLockManager] Releasing lock on daemon addresses registry.
17:51:21.849 [DEBUG] [org.gradle.launcher.daemon.server.Daemon] DaemonExpirationPeriodicCheck running
17:51:21.850 [DEBUG] [org.gradle.cache.internal.DefaultFileLockManager] Waiting to acquire shared lock on daemon addresses registry.
17:51:21.850 [DEBUG] [org.gradle.cache.internal.DefaultFileLockManager] Lock acquired.
17:51:21.851 [DEBUG] [org.gradle.cache.internal.DefaultFileLockManager] Releasing lock on daemon addresses registry.
17:51:21.851 [INFO] [org.gradle.launcher.daemon.server.DaemonIdleTimeoutExpirationStrategy] Idle timeout: daemon has been idle for 25943 milliseconds. Expiring.
17:51:21.851 [DEBUG] [org.gradle.cache.internal.DefaultFileLockManager] Waiting to acquire shared lock on daemon addresses registry.
17:51:21.851 [DEBUG] [org.gradle.cache.internal.DefaultFileLockManager] Lock acquired.
17:51:21.852 [DEBUG] [org.gradle.cache.internal.DefaultFileLockManager] Releasing lock on daemon addresses registry.
17:51:21.852 [DEBUG] [org.gradle.cache.internal.DefaultFileLockManager] Waiting to acquire shared lock on daemon addresses registry.
17:51:21.852 [DEBUG] [org.gradle.cache.internal.DefaultFileLockManager] Lock acquired.
17:51:21.852 [DEBUG] [org.gradle.cache.internal.DefaultFileLockManager] Releasing lock on daemon addresses registry.
17:51:31.848 [DEBUG] [org.gradle.launcher.daemon.server.Daemon] DaemonExpirationPeriodicCheck running
17:51:31.849 [DEBUG] [org.gradle.cache.internal.DefaultFileLockManager] Waiting to acquire shared lock on daemon addresses registry.
17:51:31.849 [DEBUG] [org.gradle.cache.internal.DefaultFileLockManager] Lock acquired.
17:51:31.850 [DEBUG] [org.gradle.cache.internal.DefaultFileLockManager] Releasing lock on daemon addresses registry.
17:51:31.850 [INFO] [org.gradle.launcher.daemon.server.DaemonIdleTimeoutExpirationStrategy] Idle timeout: daemon has been idle for 35942 milliseconds. Expiring.
17:51:31.850 [DEBUG] [org.gradle.cache.internal.DefaultFileLockManager] Waiting to acquire shared lock on daemon addresses registry.
17:51:31.850 [DEBUG] [org.gradle.cache.internal.DefaultFileLockManager] Lock acquired.
17:51:31.851 [DEBUG] [org.gradle.cache.internal.DefaultFileLockManager] Releasing lock on daemon addresses registry.
17:51:31.851 [DEBUG] [org.gradle.cache.internal.DefaultFileLockManager] Waiting to acquire shared lock on daemon addresses registry.
17:51:31.851 [DEBUG] [org.gradle.cache.internal.DefaultFileLockManager] Lock acquired.
17:51:31.851 [DEBUG] [org.gradle.cache.internal.DefaultFileLockManager] Releasing lock on daemon addresses registry.
17:51:41.852 [DEBUG] [org.gradle.launcher.daemon.server.Daemon] DaemonExpirationPeriodicCheck running
17:51:41.853 [DEBUG] [org.gradle.cache.internal.DefaultFileLockManager] Waiting to acquire shared lock on daemon addresses registry.
17:51:41.853 [DEBUG] [org.gradle.cache.internal.DefaultFileLockManager] Lock acquired.
17:51:41.854 [DEBUG] [org.gradle.cache.internal.DefaultFileLockManager] Releasing lock on daemon addresses registry.
17:51:41.854 [INFO] [org.gradle.launcher.daemon.server.DaemonIdleTimeoutExpirationStrategy] Idle timeout: daemon has been idle for 45946 milliseconds. Expiring.
17:51:41.854 [DEBUG] [org.gradle.cache.internal.DefaultFileLockManager] Waiting to acquire shared lock on daemon addresses registry.
17:51:41.854 [DEBUG] [org.gradle.cache.internal.DefaultFileLockManager] Lock acquired.
17:51:41.855 [DEBUG] [org.gradle.cache.internal.DefaultFileLockManager] Releasing lock on daemon addresses registry.
17:51:41.855 [DEBUG] [org.gradle.cache.internal.DefaultFileLockManager] Waiting to acquire shared lock on daemon addresses registry.
17:51:41.855 [DEBUG] [org.gradle.cache.internal.DefaultFileLockManager] Lock acquired.
17:51:41.855 [DEBUG] [org.gradle.cache.internal.DefaultFileLockManager] Releasing lock on daemon addresses registry.
17:51:51.847 [DEBUG] [org.gradle.launcher.daemon.server.Daemon] DaemonExpirationPeriodicCheck running
17:51:51.848 [DEBUG] [org.gradle.cache.internal.DefaultFileLockManager] Waiting to acquire shared lock on daemon addresses registry.
17:51:51.848 [DEBUG] [org.gradle.cache.internal.DefaultFileLockManager] Lock acquired.
17:51:51.848 [DEBUG] [org.gradle.cache.internal.DefaultFileLockManager] Releasing lock on daemon addresses registry.
17:51:51.848 [INFO] [org.gradle.launcher.daemon.server.DaemonIdleTimeoutExpirationStrategy] Idle timeout: daemon has been idle for 55940 milliseconds. Expiring.
17:51:51.849 [DEBUG] [org.gradle.cache.internal.DefaultFileLockManager] Waiting to acquire shared lock on daemon addresses registry.
17:51:51.849 [DEBUG] [org.gradle.cache.internal.DefaultFileLockManager] Lock acquired.
17:51:51.849 [DEBUG] [org.gradle.cache.internal.DefaultFileLockManager] Releasing lock on daemon addresses registry.
17:51:51.849 [DEBUG] [org.gradle.cache.internal.DefaultFileLockManager] Waiting to acquire shared lock on daemon addresses registry.
17:51:51.850 [DEBUG] [org.gradle.cache.internal.DefaultFileLockManager] Lock acquired.
17:51:51.850 [DEBUG] [org.gradle.cache.internal.DefaultFileLockManager] Releasing lock on daemon addresses registry.
17:52:01.849 [DEBUG] [org.gradle.launcher.daemon.server.Daemon] DaemonExpirationPeriodicCheck running
17:52:01.850 [DEBUG] [org.gradle.cache.internal.DefaultFileLockManager] Waiting to acquire shared lock on daemon addresses registry.
17:52:01.850 [DEBUG] [org.gradle.cache.internal.DefaultFileLockManager] Lock acquired.
17:52:01.851 [DEBUG] [org.gradle.cache.internal.DefaultFileLockManager] Releasing lock on daemon addresses registry.
17:52:01.851 [INFO] [org.gradle.launcher.daemon.server.DaemonIdleTimeoutExpirationStrategy] Idle timeout: daemon has been idle for 65943 milliseconds. Expiring.
17:52:01.851 [DEBUG] [org.gradle.cache.internal.DefaultFileLockManager] Waiting to acquire shared lock on daemon addresses registry.
17:52:01.852 [DEBUG] [org.gradle.cache.internal.DefaultFileLockManager] Lock acquired.
17:52:01.852 [DEBUG] [org.gradle.cache.internal.DefaultFileLockManager] Releasing lock on daemon addresses registry.
17:52:01.852 [DEBUG] [org.gradle.cache.internal.DefaultFileLockManager] Waiting to acquire shared lock on daemon addresses registry.
17:52:01.852 [DEBUG] [org.gradle.cache.internal.DefaultFileLockManager] Lock acquired.
17:52:01.853 [DEBUG] [org.gradle.cache.internal.DefaultFileLockManager] Releasing lock on daemon addresses registry.
17:52:11.851 [DEBUG] [org.gradle.launcher.daemon.server.Daemon] DaemonExpirationPeriodicCheck running
17:52:11.852 [DEBUG] [org.gradle.cache.internal.DefaultFileLockManager] Waiting to acquire shared lock on daemon addresses registry.
17:52:11.852 [DEBUG] [org.gradle.cache.internal.DefaultFileLockManager] Lock acquired.
17:52:11.853 [DEBUG] [org.gradle.cache.internal.DefaultFileLockManager] Releasing lock on daemon addresses registry.
17:52:11.853 [INFO] [org.gradle.launcher.daemon.server.DaemonIdleTimeoutExpirationStrategy] Idle timeout: daemon has been idle for 75945 milliseconds. Expiring.
17:52:11.853 [DEBUG] [org.gradle.cache.internal.DefaultFileLockManager] Waiting to acquire shared lock on daemon addresses registry.
17:52:11.853 [DEBUG] [org.gradle.cache.internal.DefaultFileLockManager] Lock acquired.
17:52:11.854 [DEBUG] [org.gradle.cache.internal.DefaultFileLockManager] Releasing lock on daemon addresses registry.
17:52:11.854 [DEBUG] [org.gradle.cache.internal.DefaultFileLockManager] Waiting to acquire shared lock on daemon addresses registry.
17:52:11.854 [DEBUG] [org.gradle.cache.internal.DefaultFileLockManager] Lock acquired.
17:52:11.855 [DEBUG] [org.gradle.cache.internal.DefaultFileLockManager] Releasing lock on daemon addresses registry.
17:52:21.850 [DEBUG] [org.gradle.launcher.daemon.server.Daemon] DaemonExpirationPeriodicCheck running
17:52:21.851 [DEBUG] [org.gradle.cache.internal.DefaultFileLockManager] Waiting to acquire shared lock on daemon addresses registry.
17:52:21.851 [DEBUG] [org.gradle.cache.internal.DefaultFileLockManager] Lock acquired.
17:52:21.852 [DEBUG] [org.gradle.cache.internal.DefaultFileLockManager] Releasing lock on daemon addresses registry.
17:52:21.852 [INFO] [org.gradle.launcher.daemon.server.DaemonIdleTimeoutExpirationStrategy] Idle timeout: daemon has been idle for 85944 milliseconds. Expiring.
17:52:21.852 [DEBUG] [org.gradle.cache.internal.DefaultFileLockManager] Waiting to acquire shared lock on daemon addresses registry.
17:52:21.852 [DEBUG] [org.gradle.cache.internal.DefaultFileLockManager] Lock acquired.
17:52:21.853 [DEBUG] [org.gradle.cache.internal.DefaultFileLockManager] Releasing lock on daemon addresses registry.
17:52:21.853 [DEBUG] [org.gradle.cache.internal.DefaultFileLockManager] Waiting to acquire shared lock on daemon addresses registry.
17:52:21.853 [DEBUG] [org.gradle.cache.internal.DefaultFileLockManager] Lock acquired.
17:52:21.853 [DEBUG] [org.gradle.cache.internal.DefaultFileLockManager] Releasing lock on daemon addresses registry.
17:52:31.852 [DEBUG] [org.gradle.launcher.daemon.server.Daemon] DaemonExpirationPeriodicCheck running
17:52:31.853 [DEBUG] [org.gradle.cache.internal.DefaultFileLockManager] Waiting to acquire shared lock on daemon addresses registry.
17:52:31.853 [DEBUG] [org.gradle.cache.internal.DefaultFileLockManager] Lock acquired.
17:52:31.854 [DEBUG] [org.gradle.cache.internal.DefaultFileLockManager] Releasing lock on daemon addresses registry.
17:52:31.854 [INFO] [org.gradle.launcher.daemon.server.DaemonIdleTimeoutExpirationStrategy] Idle timeout: daemon has been idle for 95946 milliseconds. Expiring.
17:52:31.854 [DEBUG] [org.gradle.cache.internal.DefaultFileLockManager] Waiting to acquire shared lock on daemon addresses registry.
17:52:31.854 [DEBUG] [org.gradle.cache.internal.DefaultFileLockManager] Lock acquired.
17:52:31.854 [DEBUG] [org.gradle.cache.internal.DefaultFileLockManager] Releasing lock on daemon addresses registry.
17:52:31.855 [DEBUG] [org.gradle.cache.internal.DefaultFileLockManager] Waiting to acquire shared lock on daemon addresses registry.
17:52:31.855 [DEBUG] [org.gradle.cache.internal.DefaultFileLockManager] Lock acquired.
17:52:31.855 [DEBUG] [org.gradle.cache.internal.DefaultFileLockManager] Releasing lock on daemon addresses registry.
17:52:41.851 [DEBUG] [org.gradle.launcher.daemon.server.Daemon] DaemonExpirationPeriodicCheck running
17:52:41.852 [DEBUG] [org.gradle.cache.internal.DefaultFileLockManager] Waiting to acquire shared lock on daemon addresses registry.
17:52:41.852 [DEBUG] [org.gradle.cache.internal.DefaultFileLockManager] Lock acquired.
17:52:41.853 [DEBUG] [org.gradle.cache.internal.DefaultFileLockManager] Releasing lock on daemon addresses registry.
17:52:41.853 [INFO] [org.gradle.launcher.daemon.server.DaemonIdleTimeoutExpirationStrategy] Idle timeout: daemon has been idle for 105945 milliseconds. Expiring.
17:52:41.853 [DEBUG] [org.gradle.cache.internal.DefaultFileLockManager] Waiting to acquire shared lock on daemon addresses registry.
17:52:41.854 [DEBUG] [org.gradle.cache.internal.DefaultFileLockManager] Lock acquired.
17:52:41.854 [DEBUG] [org.gradle.cache.internal.DefaultFileLockManager] Releasing lock on daemon addresses registry.
17:52:41.855 [DEBUG] [org.gradle.cache.internal.DefaultFileLockManager] Waiting to acquire shared lock on daemon addresses registry.
17:52:41.855 [DEBUG] [org.gradle.cache.internal.DefaultFileLockManager] Lock acquired.
17:52:41.855 [DEBUG] [org.gradle.cache.internal.DefaultFileLockManager] Releasing lock on daemon addresses registry.
17:52:51.851 [DEBUG] [org.gradle.launcher.daemon.server.Daemon] DaemonExpirationPeriodicCheck running
17:52:51.851 [DEBUG] [org.gradle.cache.internal.DefaultFileLockManager] Waiting to acquire shared lock on daemon addresses registry.
17:52:51.851 [DEBUG] [org.gradle.cache.internal.DefaultFileLockManager] Lock acquired.
17:52:51.852 [DEBUG] [org.gradle.cache.internal.DefaultFileLockManager] Releasing lock on daemon addresses registry.
17:52:51.852 [INFO] [org.gradle.launcher.daemon.server.DaemonIdleTimeoutExpirationStrategy] Idle timeout: daemon has been idle for 115944 milliseconds. Expiring.
17:52:51.852 [DEBUG] [org.gradle.cache.internal.DefaultFileLockManager] Waiting to acquire shared lock on daemon addresses registry.
17:52:51.852 [DEBUG] [org.gradle.cache.internal.DefaultFileLockManager] Lock acquired.
17:52:51.853 [DEBUG] [org.gradle.cache.internal.DefaultFileLockManager] Releasing lock on daemon addresses registry.
17:52:51.853 [DEBUG] [org.gradle.cache.internal.DefaultFileLockManager] Waiting to acquire shared lock on daemon addresses registry.
17:52:51.853 [DEBUG] [org.gradle.cache.internal.DefaultFileLockManager] Lock acquired.
17:52:51.853 [DEBUG] [org.gradle.cache.internal.DefaultFileLockManager] Releasing lock on daemon addresses registry.
17:53:01.849 [DEBUG] [org.gradle.launcher.daemon.server.Daemon] DaemonExpirationPeriodicCheck running
17:53:01.850 [DEBUG] [org.gradle.cache.internal.DefaultFileLockManager] Waiting to acquire shared lock on daemon addresses registry.
17:53:01.850 [DEBUG] [org.gradle.cache.internal.DefaultFileLockManager] Lock acquired.
17:53:01.851 [DEBUG] [org.gradle.cache.internal.DefaultFileLockManager] Releasing lock on daemon addresses registry.
17:53:01.851 [INFO] [org.gradle.launcher.daemon.server.DaemonIdleTimeoutExpirationStrategy] Idle timeout: daemon has been idle for 125943 milliseconds. Expiring.
17:53:01.852 [DEBUG] [org.gradle.cache.internal.DefaultFileLockManager] Waiting to acquire shared lock on daemon addresses registry.
17:53:01.852 [DEBUG] [org.gradle.cache.internal.DefaultFileLockManager] Lock acquired.
17:53:01.852 [DEBUG] [org.gradle.cache.internal.DefaultFileLockManager] Releasing lock on daemon addresses registry.
17:53:01.853 [DEBUG] [org.gradle.cache.internal.DefaultFileLockManager] Waiting to acquire shared lock on daemon addresses registry.
17:53:01.853 [DEBUG] [org.gradle.cache.internal.DefaultFileLockManager] Lock acquired.
17:53:01.853 [DEBUG] [org.gradle.cache.internal.DefaultFileLockManager] Releasing lock on daemon addresses registry.
17:53:11.851 [DEBUG] [org.gradle.launcher.daemon.server.Daemon] DaemonExpirationPeriodicCheck running
17:53:11.852 [DEBUG] [org.gradle.cache.internal.DefaultFileLockManager] Waiting to acquire shared lock on daemon addresses registry.
17:53:11.852 [DEBUG] [org.gradle.cache.internal.DefaultFileLockManager] Lock acquired.
17:53:11.853 [DEBUG] [org.gradle.cache.internal.DefaultFileLockManager] Releasing lock on daemon addresses registry.
17:53:11.853 [INFO] [org.gradle.launcher.daemon.server.DaemonIdleTimeoutExpirationStrategy] Idle timeout: daemon has been idle for 135945 milliseconds. Expiring.
17:53:11.853 [DEBUG] [org.gradle.cache.internal.DefaultFileLockManager] Waiting to acquire shared lock on daemon addresses registry.
17:53:11.853 [DEBUG] [org.gradle.cache.internal.DefaultFileLockManager] Lock acquired.
17:53:11.854 [DEBUG] [org.gradle.cache.internal.DefaultFileLockManager] Releasing lock on daemon addresses registry.
17:53:11.854 [DEBUG] [org.gradle.cache.internal.DefaultFileLockManager] Waiting to acquire shared lock on daemon addresses registry.
17:53:11.854 [DEBUG] [org.gradle.cache.internal.DefaultFileLockManager] Lock acquired.
17:53:11.854 [DEBUG] [org.gradle.cache.internal.DefaultFileLockManager] Releasing lock on daemon addresses registry.
17:53:21.850 [DEBUG] [org.gradle.launcher.daemon.server.Daemon] DaemonExpirationPeriodicCheck running
17:53:21.851 [DEBUG] [org.gradle.cache.internal.DefaultFileLockManager] Waiting to acquire shared lock on daemon addresses registry.
17:53:21.851 [DEBUG] [org.gradle.cache.internal.DefaultFileLockManager] Lock acquired.
17:53:21.852 [DEBUG] [org.gradle.cache.internal.DefaultFileLockManager] Releasing lock on daemon addresses registry.
17:53:21.852 [INFO] [org.gradle.launcher.daemon.server.DaemonIdleTimeoutExpirationStrategy] Idle timeout: daemon has been idle for 145944 milliseconds. Expiring.
17:53:21.852 [DEBUG] [org.gradle.cache.internal.DefaultFileLockManager] Waiting to acquire shared lock on daemon addresses registry.
17:53:21.852 [DEBUG] [org.gradle.cache.internal.DefaultFileLockManager] Lock acquired.
17:53:21.853 [DEBUG] [org.gradle.cache.internal.DefaultFileLockManager] Releasing lock on daemon addresses registry.
17:53:21.853 [DEBUG] [org.gradle.cache.internal.DefaultFileLockManager] Waiting to acquire shared lock on daemon addresses registry.
17:53:21.854 [DEBUG] [org.gradle.cache.internal.DefaultFileLockManager] Lock acquired.
17:53:21.854 [DEBUG] [org.gradle.cache.internal.DefaultFileLockManager] Releasing lock on daemon addresses registry.
17:53:31.850 [DEBUG] [org.gradle.launcher.daemon.server.Daemon] DaemonExpirationPeriodicCheck running
17:53:31.850 [DEBUG] [org.gradle.cache.internal.DefaultFileLockManager] Waiting to acquire shared lock on daemon addresses registry.
17:53:31.851 [DEBUG] [org.gradle.cache.internal.DefaultFileLockManager] Lock acquired.
17:53:31.851 [DEBUG] [org.gradle.cache.internal.DefaultFileLockManager] Releasing lock on daemon addresses registry.
17:53:31.851 [INFO] [org.gradle.launcher.daemon.server.DaemonIdleTimeoutExpirationStrategy] Idle timeout: daemon has been idle for 155943 milliseconds. Expiring.
17:53:31.851 [DEBUG] [org.gradle.cache.internal.DefaultFileLockManager] Waiting to acquire shared lock on daemon addresses registry.
17:53:31.851 [DEBUG] [org.gradle.cache.internal.DefaultFileLockManager] Lock acquired.
17:53:31.852 [DEBUG] [org.gradle.cache.internal.DefaultFileLockManager] Releasing lock on daemon addresses registry.
17:53:31.852 [DEBUG] [org.gradle.cache.internal.DefaultFileLockManager] Waiting to acquire shared lock on daemon addresses registry.
17:53:31.852 [DEBUG] [org.gradle.cache.internal.DefaultFileLockManager] Lock acquired.
17:53:31.852 [DEBUG] [org.gradle.cache.internal.DefaultFileLockManager] Releasing lock on daemon addresses registry.
17:53:41.850 [DEBUG] [org.gradle.launcher.daemon.server.Daemon] DaemonExpirationPeriodicCheck running
17:53:41.851 [DEBUG] [org.gradle.cache.internal.DefaultFileLockManager] Waiting to acquire shared lock on daemon addresses registry.
17:53:41.852 [DEBUG] [org.gradle.cache.internal.DefaultFileLockManager] Lock acquired.
17:53:41.852 [DEBUG] [org.gradle.cache.internal.DefaultFileLockManager] Releasing lock on daemon addresses registry.
17:53:41.853 [INFO] [org.gradle.launcher.daemon.server.DaemonIdleTimeoutExpirationStrategy] Idle timeout: daemon has been idle for 165945 milliseconds. Expiring.
17:53:41.854 [DEBUG] [org.gradle.cache.internal.DefaultFileLockManager] Waiting to acquire shared lock on daemon addresses registry.
17:53:41.854 [DEBUG] [org.gradle.cache.internal.DefaultFileLockManager] Lock acquired.
17:53:41.855 [DEBUG] [org.gradle.cache.internal.DefaultFileLockManager] Releasing lock on daemon addresses registry.
17:53:41.856 [DEBUG] [org.gradle.cache.internal.DefaultFileLockManager] Waiting to acquire shared lock on daemon addresses registry.
17:53:41.856 [DEBUG] [org.gradle.cache.internal.DefaultFileLockManager] Lock acquired.
17:53:41.856 [DEBUG] [org.gradle.cache.internal.DefaultFileLockManager] Releasing lock on daemon addresses registry.
17:53:51.853 [DEBUG] [org.gradle.launcher.daemon.server.Daemon] DaemonExpirationPeriodicCheck running
17:53:51.853 [DEBUG] [org.gradle.cache.internal.DefaultFileLockManager] Waiting to acquire shared lock on daemon addresses registry.
17:53:51.854 [DEBUG] [org.gradle.cache.internal.DefaultFileLockManager] Lock acquired.
17:53:51.854 [DEBUG] [org.gradle.cache.internal.DefaultFileLockManager] Releasing lock on daemon addresses registry.
17:53:51.855 [INFO] [org.gradle.launcher.daemon.server.DaemonIdleTimeoutExpirationStrategy] Idle timeout: daemon has been idle for 175947 milliseconds. Expiring.
17:53:51.855 [DEBUG] [org.gradle.cache.internal.DefaultFileLockManager] Waiting to acquire shared lock on daemon addresses registry.
17:53:51.855 [DEBUG] [org.gradle.cache.internal.DefaultFileLockManager] Lock acquired.
17:53:51.856 [DEBUG] [org.gradle.cache.internal.DefaultFileLockManager] Releasing lock on daemon addresses registry.
17:53:51.856 [DEBUG] [org.gradle.cache.internal.DefaultFileLockManager] Waiting to acquire shared lock on daemon addresses registry.
17:53:51.856 [DEBUG] [org.gradle.cache.internal.DefaultFileLockManager] Lock acquired.
17:53:51.856 [DEBUG] [org.gradle.cache.internal.DefaultFileLockManager] Releasing lock on daemon addresses registry.
17:53:55.674 [DEBUG] [org.gradle.internal.remote.internal.inet.TcpIncomingConnector] Accepted connection from /0:0:0:0:0:0:0:1:49521 to /0:0:0:0:0:0:0:1:49341.
17:53:55.677 [DEBUG] [org.gradle.launcher.daemon.server.SynchronizedDispatchConnection] thread 31: received class org.gradle.launcher.daemon.protocol.StopWhenIdle
17:53:55.677 [DEBUG] [org.gradle.launcher.daemon.server.DefaultDaemonConnection] thread 31: Received non-IO message from client: StopWhenIdle[id=3bc32472-1272-4a0b-b6b9-ec1fb24e47b6.1]
17:53:55.677 [INFO] [org.gradle.launcher.daemon.server.DefaultIncomingConnectionHandler] Received command: StopWhenIdle[id=3bc32472-1272-4a0b-b6b9-ec1fb24e47b6.1].
17:53:55.677 [DEBUG] [org.gradle.launcher.daemon.server.DefaultIncomingConnectionHandler] Starting executing command: StopWhenIdle[id=3bc32472-1272-4a0b-b6b9-ec1fb24e47b6.1] with connection: socket connection from /0:0:0:0:0:0:0:1:49341 to /0:0:0:0:0:0:0:1:49521.
17:53:55.677 [DEBUG] [org.gradle.launcher.daemon.server.DaemonRegistryUpdater] Storing daemon stop event: stop command received
17:53:55.679 [DEBUG] [org.gradle.launcher.daemon.registry.PersistentDaemonRegistry] Storing daemon stop event with timestamp 1486803235677
17:53:55.679 [DEBUG] [org.gradle.cache.internal.DefaultFileLockManager] Waiting to acquire exclusive lock on daemon addresses registry.
17:53:55.679 [DEBUG] [org.gradle.cache.internal.DefaultFileLockManager] Lock acquired.
17:53:55.680 [DEBUG] [org.gradle.cache.internal.DefaultFileLockManager] Releasing lock on daemon addresses registry.
17:53:55.680 [LIFECYCLE] [org.gradle.launcher.daemon.server.DaemonStateCoordinator] Daemon will be stopped at the end of the build stop command received
17:53:55.680 [DEBUG] [org.gradle.launcher.daemon.server.DaemonStateCoordinator] Marking daemon stopped due to stop command received. The daemon is running a build: false
17:53:55.680 [DEBUG] [org.gradle.launcher.daemon.server.DaemonStateCoordinator] daemon has stopped.
17:53:55.680 [DEBUG] [org.gradle.launcher.daemon.server.SynchronizedDispatchConnection] thread 30: dispatching class org.gradle.launcher.daemon.protocol.Success
17:53:55.680 [DEBUG] [org.gradle.launcher.daemon.server.Daemon] stop() called on daemon
17:53:55.681 [INFO] [org.gradle.launcher.daemon.server.Daemon] Stop requested. Daemon is removing its presence from the registry...
17:53:55.681 [DEBUG] [org.gradle.launcher.daemon.server.DefaultIncomingConnectionHandler] Finishing executing command: StopWhenIdle[id=3bc32472-1272-4a0b-b6b9-ec1fb24e47b6.1]
17:53:55.681 [DEBUG] [org.gradle.launcher.daemon.server.DaemonRegistryUpdater] Removing our presence to clients, eg. removing this address from the registry: [31d619f1-1be6-4fa6-a371-4f4e6e884f1e port:49341, addresses:[/0:0:0:0:0:0:0:1, /127.0.0.1]]
17:53:55.681 [DEBUG] [org.gradle.launcher.daemon.registry.PersistentDaemonRegistry] Removing daemon address: [31d619f1-1be6-4fa6-a371-4f4e6e884f1e port:49341, addresses:[/0:0:0:0:0:0:0:1, /127.0.0.1]]
17:53:55.681 [DEBUG] [org.gradle.cache.internal.DefaultFileLockManager] Waiting to acquire exclusive lock on daemon addresses registry.
17:53:55.682 [DEBUG] [org.gradle.cache.internal.DefaultFileLockManager] Lock acquired.
17:53:55.682 [DEBUG] [org.gradle.cache.internal.DefaultFileLockManager] Releasing lock on daemon addresses registry.
17:53:55.683 [DEBUG] [org.gradle.launcher.daemon.server.DaemonRegistryUpdater] Address removed from registry.
17:53:55.683 [DEBUG] [org.gradle.launcher.daemon.server.SynchronizedDispatchConnection] thread 31: received class org.gradle.launcher.daemon.protocol.Finished
17:53:55.683 [DEBUG] [org.gradle.launcher.daemon.server.DefaultDaemonConnection] thread 31: Received non-IO message from client: org.gradle.launcher.daemon.protocol.Finished@2d82209a
17:53:55.683 [DEBUG] [org.gradle.internal.remote.internal.inet.SocketConnection] Discarding EOFException: java.io.EOFException
17:53:55.683 [DEBUG] [org.gradle.launcher.daemon.server.SynchronizedDispatchConnection] thread 31: received null
17:53:55.683 [DEBUG] [org.gradle.launcher.daemon.server.DefaultDaemonConnection] thread 31: Received end-of-input from client.
17:53:55.683 [DEBUG] [org.gradle.launcher.daemon.server.DefaultIncomingConnectionHandler] Received finished message: null
17:53:55.684 [DEBUG] [org.gradle.launcher.daemon.server.SynchronizedDispatchConnection] thread 30: stopping connection
17:53:55.684 [DEBUG] [org.gradle.launcher.daemon.server.SynchronizedDispatchConnection] thread 30: stopping connection
Daemon vm is shutting down... The daemon has exited normally or was terminated in response to a user interrupt.
17:53:55.686 [DEBUG] [org.gradle.launcher.daemon.registry.PersistentDaemonRegistry] Removing daemon address: [31d619f1-1be6-4fa6-a371-4f4e6e884f1e port:49341, addresses:[/0:0:0:0:0:0:0:1, /127.0.0.1]]
17:53:55.686 [DEBUG] [org.gradle.cache.internal.DefaultFileLockManager] Waiting to acquire exclusive lock on daemon addresses registry.
17:53:55.687 [DEBUG] [org.gradle.cache.internal.DefaultFileLockManager] Lock acquired.
17:53:55.687 [DEBUG] [org.gradle.cache.internal.DefaultFileLockManager] Releasing lock on daemon addresses registry.
